<!doctype html>
<html lang="">
<head>
    <meta charset="UTF-8">
    <meta name="viewport"
          content="width=device-width, user-scalable=no, initial-scale=1.0, maximum-scale=1.0, minimum-scale=1.0">
    <meta http-equiv="X-UA-Compatible" content="ie=edge">
    <title>Test Results Report - capstoneProject</title>

    <link href="reportng.css" rel="stylesheet" type="text/css"/>
</head>
<body>
<div id="meta">
Generated by <a href="http://www.testng.org" target="_blank">TestNG</a> with <a href="https://github.com/testng-team/reportng" target="_blank">ReportNG</a>
at 17:58 MDT on Thursday 23 June 2022
    <br/><span
    id="systemInfo">nabil@DESKTOP-FHIH26K&nbsp;/&nbsp;Java 1.8.0_202 (Oracle Corporation)&nbsp;/&nbsp;Windows 10 10.0 (amd64)</span>
</div>
<h1>capstoneProject</h1>

<p>
    <a href="index.html">Suites</a>
        &#183; <a href="output.html">Log Output</a>
</p>

<p>Test duration
    : 84.028s</p>


    <table class="resultsTable">
        <tr>
            <th colspan="3" class="header failed">Failed Tests</th>
        </tr>
            <tr>
                <td class="group" colspan="3">test.RegistrationPageTest</td>
            </tr>
    <tr>
        <td class="method">
                NewUserRegistrationPage
        </td>
        <td class="duration">
            5.229s
        </td>
        <td class="result">
            <!-- Display the dependencies for skipped test methods -->


            <!-- Show logger output for the test -->

                <a href="javascript:toggleElement('exception-0', 'block')"
                   title="Click to expand/collapse">
                    <b>org.openqa.selenium.ElementClickInterceptedException: element click intercepted: Element &lt;a href=&quot;/account/login&quot; id=&quot;customer_login_link&quot; data-open-accessibility-text-original=&quot;16px&quot; class=&quot;navigable&quot; style=&quot;font-size: 16px;&quot;&gt;...&lt;/a&gt; is not clickable at point (1276, 23). Other element would receive the click: &lt;iframe name=&quot;ju_iframe_486647&quot; data-ex=&quot;0&quot; title=&quot;YEB%20-%20New%20Visitor%20(desktop)%20%20v2&quot; class=&quot;ju_iframe&quot; id=&quot;ju_iframe_486647&quot; tabindex=&quot;0&quot; allowtransparency=&quot;true&quot; scrolling=&quot;no&quot; frameborder=&quot;0&quot; src=&quot;about:blank&quot; style=&quot;width: 1903px; opacity: 1; display: block;&quot; data-hj-allow-iframe=&quot;&quot;&gt;&lt;/iframe&gt;<br/>
&nbsp; (Session info: chrome=103.0.5060.53)<br/>
Build info: version: &apos;4.0.0&apos;, revision: &apos;3a21814679&apos;<br/>
System info: host: &apos;DESKTOP-FHIH26K&apos;, ip: &apos;10.0.0.209&apos;, os.name: &apos;Windows 10&apos;, os.arch: &apos;amd64&apos;, os.version: &apos;10.0&apos;, java.version: &apos;1.8.0_202&apos;<br/>
Driver info: org.openqa.selenium.chrome.ChromeDriver<br/>
Command: [6e9cb462b4d8a0a741090890c493818d, clickElement {id=2bd756ef-a625-4976-9c06-e4ec949858a1}]<br/>
Capabilities {acceptInsecureCerts: false, browserName: chrome, browserVersion: 103.0.5060.53, chrome: {chromedriverVersion: 103.0.5060.53 (a1711811edd7..., userDataDir: C:\Users\nabil\AppData\Loca...}, goog:chromeOptions: {debuggerAddress: localhost:53471}, javascriptEnabled: true, networkConnectionEnabled: false, pageLoadStrategy: normal, platform: WINDOWS, platformName: WINDOWS, proxy: Proxy(), se:cdp: ws://localhost:53471/devtoo..., se:cdpVersion: 103.0.5060.53, setWindowRect: true, strictFileInteractability: false, timeouts: {implicit: 0, pageLoad: 300000, script: 30000}, unhandledPromptBehavior: dismiss and notify, webauthn:extension:credBlob: true, webauthn:extension:largeBlob: true, webauthn:virtualAuthenticators: true}<br/>
Element: [[ChromeDriver: chrome on WINDOWS (6e9cb462b4d8a0a741090890c493818d)] -&gt; id: customer_login_link]<br/>
Session ID: 6e9cb462b4d8a0a741090890c493818d</b>
                </a>
                <br/>
                <div class="stackTrace" id="exception-0">
                        sun.reflect.NativeConstructorAccessorImpl.newInstance0(Native Method)<br/>
                        sun.reflect.NativeConstructorAccessorImpl.newInstance(NativeConstructorAccessorImpl.java:62)<br/>
                        sun.reflect.DelegatingConstructorAccessorImpl.newInstance(DelegatingConstructorAccessorImpl.java:45)<br/>
                        java.lang.reflect.Constructor.newInstance(Constructor.java:423)<br/>
                        org.openqa.selenium.remote.codec.w3c.W3CHttpResponseCodec.createException(W3CHttpResponseCodec.java:200)<br/>
                        org.openqa.selenium.remote.codec.w3c.W3CHttpResponseCodec.decode(W3CHttpResponseCodec.java:133)<br/>
                        org.openqa.selenium.remote.codec.w3c.W3CHttpResponseCodec.decode(W3CHttpResponseCodec.java:53)<br/>
                        org.openqa.selenium.remote.HttpCommandExecutor.execute(HttpCommandExecutor.java:184)<br/>
                        org.openqa.selenium.remote.service.DriverCommandExecutor.invokeExecute(DriverCommandExecutor.java:164)<br/>
                        org.openqa.selenium.remote.service.DriverCommandExecutor.execute(DriverCommandExecutor.java:139)<br/>
                        org.openqa.selenium.remote.RemoteWebDriver.execute(RemoteWebDriver.java:559)<br/>
                        org.openqa.selenium.remote.RemoteWebElement.execute(RemoteWebElement.java:251)<br/>
                        org.openqa.selenium.remote.RemoteWebElement.click(RemoteWebElement.java:77)<br/>
                        pages.Registration.clickAccount(Registration.java:57)<br/>
                        test.RegistrationPageTest.NewUserRegistrationPage(RegistrationPageTest.java:61)<br/>
                        sun.reflect.NativeMethodAccessorImpl.invoke0(Native Method)<br/>
                        sun.reflect.NativeMethodAccessorImpl.invoke(NativeMethodAccessorImpl.java:62)<br/>
                        sun.reflect.DelegatingMethodAccessorImpl.invoke(DelegatingMethodAccessorImpl.java:43)<br/>
                        java.lang.reflect.Method.invoke(Method.java:498)<br/>
                        org.testng.internal.MethodInvocationHelper.invokeMethod(MethodInvocationHelper.java:124)<br/>
                        org.testng.internal.Invoker.invokeMethod(Invoker.java:583)<br/>
                        org.testng.internal.Invoker.invokeTestMethod(Invoker.java:719)<br/>
                        org.testng.internal.Invoker.invokeTestMethods(Invoker.java:989)<br/>
                        org.testng.internal.TestMethodWorker.invokeTestMethods(TestMethodWorker.java:125)<br/>
                        org.testng.internal.TestMethodWorker.run(TestMethodWorker.java:109)<br/>
                        org.testng.TestRunner.privateRun(TestRunner.java:648)<br/>
                        org.testng.TestRunner.run(TestRunner.java:505)<br/>
                        org.testng.SuiteRunner.runTest(SuiteRunner.java:455)<br/>
                        org.testng.SuiteRunner.runSequentially(SuiteRunner.java:450)<br/>
                        org.testng.SuiteRunner.privateRun(SuiteRunner.java:415)<br/>
                        org.testng.SuiteRunner.run(SuiteRunner.java:364)<br/>
                        org.testng.SuiteRunnerWorker.runSuite(SuiteRunnerWorker.java:52)<br/>
                        org.testng.SuiteRunnerWorker.run(SuiteRunnerWorker.java:84)<br/>
                        org.testng.TestNG.runSuitesSequentially(TestNG.java:1208)<br/>
                        org.testng.TestNG.runSuitesLocally(TestNG.java:1137)<br/>
                        org.testng.TestNG.runSuites(TestNG.java:1049)<br/>
                        org.testng.TestNG.run(TestNG.java:1017)<br/>
                        com.intellij.rt.testng.IDEARemoteTestNG.run(IDEARemoteTestNG.java:66)<br/>
                        com.intellij.rt.testng.RemoteTestNGStarter.main(RemoteTestNGStarter.java:109)<br/>
                </div>
        </td>
    </tr>
    <tr>
        <td class="method">
                RequiredMandatoryFields
        </td>
        <td class="duration">
            32.428s
        </td>
        <td class="result">
            <!-- Display the dependencies for skipped test methods -->


            <!-- Show logger output for the test -->

                <a href="javascript:toggleElement('exception-1', 'block')"
                   title="Click to expand/collapse">
                    <b>org.openqa.selenium.WebDriverException: unknown error: cannot determine loading status<br/>
from unknown error: unexpected command response<br/>
&nbsp; (Session info: chrome=103.0.5060.53)<br/>
Build info: version: &apos;4.0.0&apos;, revision: &apos;3a21814679&apos;<br/>
System info: host: &apos;DESKTOP-FHIH26K&apos;, ip: &apos;10.0.0.209&apos;, os.name: &apos;Windows 10&apos;, os.arch: &apos;amd64&apos;, os.version: &apos;10.0&apos;, java.version: &apos;1.8.0_202&apos;<br/>
Driver info: org.openqa.selenium.chrome.ChromeDriver<br/>
Command: [6e9cb462b4d8a0a741090890c493818d, clickElement {id=b456f846-25c1-4a11-9eb0-e43125199cff}]<br/>
Capabilities {acceptInsecureCerts: false, browserName: chrome, browserVersion: 103.0.5060.53, chrome: {chromedriverVersion: 103.0.5060.53 (a1711811edd7..., userDataDir: C:\Users\nabil\AppData\Loca...}, goog:chromeOptions: {debuggerAddress: localhost:53471}, javascriptEnabled: true, networkConnectionEnabled: false, pageLoadStrategy: normal, platform: WINDOWS, platformName: WINDOWS, proxy: Proxy(), se:cdp: ws://localhost:53471/devtoo..., se:cdpVersion: 103.0.5060.53, setWindowRect: true, strictFileInteractability: false, timeouts: {implicit: 0, pageLoad: 300000, script: 30000}, unhandledPromptBehavior: dismiss and notify, webauthn:extension:credBlob: true, webauthn:extension:largeBlob: true, webauthn:virtualAuthenticators: true}<br/>
Element: [[ChromeDriver: chrome on WINDOWS (6e9cb462b4d8a0a741090890c493818d)] -&gt; xpath: //*[@id=&quot;create_customer&quot;]/div[5]/input]<br/>
Session ID: 6e9cb462b4d8a0a741090890c493818d</b>
                </a>
                <br/>
                <div class="stackTrace" id="exception-1">
                        sun.reflect.NativeConstructorAccessorImpl.newInstance0(Native Method)<br/>
                        sun.reflect.NativeConstructorAccessorImpl.newInstance(NativeConstructorAccessorImpl.java:62)<br/>
                        sun.reflect.DelegatingConstructorAccessorImpl.newInstance(DelegatingConstructorAccessorImpl.java:45)<br/>
                        java.lang.reflect.Constructor.newInstance(Constructor.java:423)<br/>
                        org.openqa.selenium.remote.codec.w3c.W3CHttpResponseCodec.createException(W3CHttpResponseCodec.java:200)<br/>
                        org.openqa.selenium.remote.codec.w3c.W3CHttpResponseCodec.decode(W3CHttpResponseCodec.java:133)<br/>
                        org.openqa.selenium.remote.codec.w3c.W3CHttpResponseCodec.decode(W3CHttpResponseCodec.java:53)<br/>
                        org.openqa.selenium.remote.HttpCommandExecutor.execute(HttpCommandExecutor.java:184)<br/>
                        org.openqa.selenium.remote.service.DriverCommandExecutor.invokeExecute(DriverCommandExecutor.java:164)<br/>
                        org.openqa.selenium.remote.service.DriverCommandExecutor.execute(DriverCommandExecutor.java:139)<br/>
                        org.openqa.selenium.remote.RemoteWebDriver.execute(RemoteWebDriver.java:559)<br/>
                        org.openqa.selenium.remote.RemoteWebElement.execute(RemoteWebElement.java:251)<br/>
                        org.openqa.selenium.remote.RemoteWebElement.click(RemoteWebElement.java:77)<br/>
                        pages.Registration.clickRegistration(Registration.java:79)<br/>
                        test.RegistrationPageTest.RequiredMandatoryFields(RegistrationPageTest.java:122)<br/>
                        sun.reflect.NativeMethodAccessorImpl.invoke0(Native Method)<br/>
                        sun.reflect.NativeMethodAccessorImpl.invoke(NativeMethodAccessorImpl.java:62)<br/>
                        sun.reflect.DelegatingMethodAccessorImpl.invoke(DelegatingMethodAccessorImpl.java:43)<br/>
                        java.lang.reflect.Method.invoke(Method.java:498)<br/>
                        org.testng.internal.MethodInvocationHelper.invokeMethod(MethodInvocationHelper.java:124)<br/>
                        org.testng.internal.Invoker.invokeMethod(Invoker.java:583)<br/>
                        org.testng.internal.Invoker.invokeTestMethod(Invoker.java:719)<br/>
                        org.testng.internal.Invoker.invokeTestMethods(Invoker.java:989)<br/>
                        org.testng.internal.TestMethodWorker.invokeTestMethods(TestMethodWorker.java:125)<br/>
                        org.testng.internal.TestMethodWorker.run(TestMethodWorker.java:109)<br/>
                        org.testng.TestRunner.privateRun(TestRunner.java:648)<br/>
                        org.testng.TestRunner.run(TestRunner.java:505)<br/>
                        org.testng.SuiteRunner.runTest(SuiteRunner.java:455)<br/>
                        org.testng.SuiteRunner.runSequentially(SuiteRunner.java:450)<br/>
                        org.testng.SuiteRunner.privateRun(SuiteRunner.java:415)<br/>
                        org.testng.SuiteRunner.run(SuiteRunner.java:364)<br/>
                        org.testng.SuiteRunnerWorker.runSuite(SuiteRunnerWorker.java:52)<br/>
                        org.testng.SuiteRunnerWorker.run(SuiteRunnerWorker.java:84)<br/>
                        org.testng.TestNG.runSuitesSequentially(TestNG.java:1208)<br/>
                        org.testng.TestNG.runSuitesLocally(TestNG.java:1137)<br/>
                        org.testng.TestNG.runSuites(TestNG.java:1049)<br/>
                        org.testng.TestNG.run(TestNG.java:1017)<br/>
                        com.intellij.rt.testng.IDEARemoteTestNG.run(IDEARemoteTestNG.java:66)<br/>
                        com.intellij.rt.testng.RemoteTestNGStarter.main(RemoteTestNGStarter.java:109)<br/>
                </div>
        </td>
    </tr>
    </table>


    <table class="resultsTable" width="100%">
        <tr>
            <th colspan="3" class="header passed">Passed Tests</th>
        </tr>
            <tr>
                <td class="group" colspan="3">test.RegistrationPageTest</td>
            </tr>
    <tr>
        <td class="method">
                emailValidation
        </td>
        <td class="duration">
            20.552s
        </td>
        <td class="result">
            <!-- Display the dependencies for skipped test methods -->


            <!-- Show logger output for the test -->

        </td>
    </tr>
    </table>

<script type="text/javascript" src="reportng.js"></script>
</body>
